<?xml version="1.0" encoding="UTF-8"?>
<testsuite xmlns:xsi="http://www.w3.org/2001/XMLSchema-instance" xsi:noNamespaceSchemaLocation="https://maven.apache.org/surefire/maven-surefire-plugin/xsd/surefire-test-report.xsd" name="com.shalou.demo.DemoApplicationTests" time="13.212" tests="1" errors="0" skipped="0" failures="0">
  <properties>
    <property name="sun.desktop" value="windows"/>
    <property name="awt.toolkit" value="sun.awt.windows.WToolkit"/>
    <property name="file.encoding.pkg" value="sun.io"/>
    <property name="java.specification.version" value="1.8"/>
    <property name="sun.cpu.isalist" value="amd64"/>
    <property name="sun.jnu.encoding" value="GBK"/>
    <property name="java.class.path" value="E:\github\javaPro\shalou\target\test-classes;E:\github\javaPro\shalou\target\classes;D:\apache-maven-3.5.4\common\org\springframework\boot\spring-boot-starter-web\2.0.5.RELEASE\spring-boot-starter-web-2.0.5.RELEASE.jar;D:\apache-maven-3.5.4\common\org\springframework\boot\spring-boot-starter\2.0.5.RELEASE\spring-boot-starter-2.0.5.RELEASE.jar;D:\apache-maven-3.5.4\common\org\springframework\boot\spring-boot\2.0.5.RELEASE\spring-boot-2.0.5.RELEASE.jar;D:\apache-maven-3.5.4\common\org\springframework\boot\spring-boot-autoconfigure\2.0.5.RELEASE\spring-boot-autoconfigure-2.0.5.RELEASE.jar;D:\apache-maven-3.5.4\common\org\springframework\boot\spring-boot-starter-logging\2.0.5.RELEASE\spring-boot-starter-logging-2.0.5.RELEASE.jar;D:\apache-maven-3.5.4\common\ch\qos\logback\logback-classic\1.2.3\logback-classic-1.2.3.jar;D:\apache-maven-3.5.4\common\ch\qos\logback\logback-core\1.2.3\logback-core-1.2.3.jar;D:\apache-maven-3.5.4\common\org\apache\logging\log4j\log4j-to-slf4j\2.10.0\log4j-to-slf4j-2.10.0.jar;D:\apache-maven-3.5.4\common\org\apache\logging\log4j\log4j-api\2.10.0\log4j-api-2.10.0.jar;D:\apache-maven-3.5.4\common\org\slf4j\jul-to-slf4j\1.7.25\jul-to-slf4j-1.7.25.jar;D:\apache-maven-3.5.4\common\javax\annotation\javax.annotation-api\1.3.2\javax.annotation-api-1.3.2.jar;D:\apache-maven-3.5.4\common\org\yaml\snakeyaml\1.19\snakeyaml-1.19.jar;D:\apache-maven-3.5.4\common\org\springframework\boot\spring-boot-starter-json\2.0.5.RELEASE\spring-boot-starter-json-2.0.5.RELEASE.jar;D:\apache-maven-3.5.4\common\com\fasterxml\jackson\core\jackson-databind\2.9.6\jackson-databind-2.9.6.jar;D:\apache-maven-3.5.4\common\com\fasterxml\jackson\core\jackson-annotations\2.9.0\jackson-annotations-2.9.0.jar;D:\apache-maven-3.5.4\common\com\fasterxml\jackson\core\jackson-core\2.9.6\jackson-core-2.9.6.jar;D:\apache-maven-3.5.4\common\com\fasterxml\jackson\datatype\jackson-datatype-jdk8\2.9.6\jackson-datatype-jdk8-2.9.6.jar;D:\apache-maven-3.5.4\common\com\fasterxml\jackson\datatype\jackson-datatype-jsr310\2.9.6\jackson-datatype-jsr310-2.9.6.jar;D:\apache-maven-3.5.4\common\com\fasterxml\jackson\module\jackson-module-parameter-names\2.9.6\jackson-module-parameter-names-2.9.6.jar;D:\apache-maven-3.5.4\common\org\springframework\boot\spring-boot-starter-tomcat\2.0.5.RELEASE\spring-boot-starter-tomcat-2.0.5.RELEASE.jar;D:\apache-maven-3.5.4\common\org\apache\tomcat\embed\tomcat-embed-core\8.5.34\tomcat-embed-core-8.5.34.jar;D:\apache-maven-3.5.4\common\org\apache\tomcat\embed\tomcat-embed-el\8.5.34\tomcat-embed-el-8.5.34.jar;D:\apache-maven-3.5.4\common\org\apache\tomcat\embed\tomcat-embed-websocket\8.5.34\tomcat-embed-websocket-8.5.34.jar;D:\apache-maven-3.5.4\common\org\hibernate\validator\hibernate-validator\6.0.12.Final\hibernate-validator-6.0.12.Final.jar;D:\apache-maven-3.5.4\common\javax\validation\validation-api\2.0.1.Final\validation-api-2.0.1.Final.jar;D:\apache-maven-3.5.4\common\org\jboss\logging\jboss-logging\3.3.2.Final\jboss-logging-3.3.2.Final.jar;D:\apache-maven-3.5.4\common\com\fasterxml\classmate\1.3.4\classmate-1.3.4.jar;D:\apache-maven-3.5.4\common\org\springframework\spring-web\5.0.9.RELEASE\spring-web-5.0.9.RELEASE.jar;D:\apache-maven-3.5.4\common\org\springframework\spring-beans\5.0.9.RELEASE\spring-beans-5.0.9.RELEASE.jar;D:\apache-maven-3.5.4\common\org\springframework\spring-webmvc\5.0.9.RELEASE\spring-webmvc-5.0.9.RELEASE.jar;D:\apache-maven-3.5.4\common\org\springframework\spring-context\5.0.9.RELEASE\spring-context-5.0.9.RELEASE.jar;D:\apache-maven-3.5.4\common\org\springframework\spring-expression\5.0.9.RELEASE\spring-expression-5.0.9.RELEASE.jar;D:\apache-maven-3.5.4\common\org\springframework\boot\spring-boot-starter-test\2.0.5.RELEASE\spring-boot-starter-test-2.0.5.RELEASE.jar;D:\apache-maven-3.5.4\common\org\springframework\boot\spring-boot-test\2.0.5.RELEASE\spring-boot-test-2.0.5.RELEASE.jar;D:\apache-maven-3.5.4\common\org\springframework\boot\spring-boot-test-autoconfigure\2.0.5.RELEASE\spring-boot-test-autoconfigure-2.0.5.RELEASE.jar;D:\apache-maven-3.5.4\common\com\jayway\jsonpath\json-path\2.4.0\json-path-2.4.0.jar;D:\apache-maven-3.5.4\common\net\minidev\json-smart\2.3\json-smart-2.3.jar;D:\apache-maven-3.5.4\common\net\minidev\accessors-smart\1.2\accessors-smart-1.2.jar;D:\apache-maven-3.5.4\common\org\ow2\asm\asm\5.0.4\asm-5.0.4.jar;D:\apache-maven-3.5.4\common\org\slf4j\slf4j-api\1.7.25\slf4j-api-1.7.25.jar;D:\apache-maven-3.5.4\common\junit\junit\4.12\junit-4.12.jar;D:\apache-maven-3.5.4\common\org\assertj\assertj-core\3.9.1\assertj-core-3.9.1.jar;D:\apache-maven-3.5.4\common\org\mockito\mockito-core\2.15.0\mockito-core-2.15.0.jar;D:\apache-maven-3.5.4\common\net\bytebuddy\byte-buddy\1.7.11\byte-buddy-1.7.11.jar;D:\apache-maven-3.5.4\common\net\bytebuddy\byte-buddy-agent\1.7.11\byte-buddy-agent-1.7.11.jar;D:\apache-maven-3.5.4\common\org\objenesis\objenesis\2.6\objenesis-2.6.jar;D:\apache-maven-3.5.4\common\org\hamcrest\hamcrest-core\1.3\hamcrest-core-1.3.jar;D:\apache-maven-3.5.4\common\org\hamcrest\hamcrest-library\1.3\hamcrest-library-1.3.jar;D:\apache-maven-3.5.4\common\org\skyscreamer\jsonassert\1.5.0\jsonassert-1.5.0.jar;D:\apache-maven-3.5.4\common\com\vaadin\external\google\android-json\0.0.20131108.vaadin1\android-json-0.0.20131108.vaadin1.jar;D:\apache-maven-3.5.4\common\org\springframework\spring-core\5.0.9.RELEASE\spring-core-5.0.9.RELEASE.jar;D:\apache-maven-3.5.4\common\org\springframework\spring-jcl\5.0.9.RELEASE\spring-jcl-5.0.9.RELEASE.jar;D:\apache-maven-3.5.4\common\org\springframework\spring-test\5.0.9.RELEASE\spring-test-5.0.9.RELEASE.jar;D:\apache-maven-3.5.4\common\org\xmlunit\xmlunit-core\2.5.1\xmlunit-core-2.5.1.jar;D:\apache-maven-3.5.4\common\org\springframework\boot\spring-boot-starter-data-jpa\2.0.5.RELEASE\spring-boot-starter-data-jpa-2.0.5.RELEASE.jar;D:\apache-maven-3.5.4\common\org\springframework\boot\spring-boot-starter-jdbc\2.0.5.RELEASE\spring-boot-starter-jdbc-2.0.5.RELEASE.jar;D:\apache-maven-3.5.4\common\com\zaxxer\HikariCP\2.7.9\HikariCP-2.7.9.jar;D:\apache-maven-3.5.4\common\org\springframework\spring-jdbc\5.0.9.RELEASE\spring-jdbc-5.0.9.RELEASE.jar;D:\apache-maven-3.5.4\common\javax\transaction\javax.transaction-api\1.2\javax.transaction-api-1.2.jar;D:\apache-maven-3.5.4\common\org\hibernate\hibernate-core\5.2.17.Final\hibernate-core-5.2.17.Final.jar;D:\apache-maven-3.5.4\common\org\hibernate\javax\persistence\hibernate-jpa-2.1-api\1.0.2.Final\hibernate-jpa-2.1-api-1.0.2.Final.jar;D:\apache-maven-3.5.4\common\org\javassist\javassist\3.22.0-GA\javassist-3.22.0-GA.jar;D:\apache-maven-3.5.4\common\antlr\antlr\2.7.7\antlr-2.7.7.jar;D:\apache-maven-3.5.4\common\org\jboss\jandex\2.0.3.Final\jandex-2.0.3.Final.jar;D:\apache-maven-3.5.4\common\dom4j\dom4j\1.6.1\dom4j-1.6.1.jar;D:\apache-maven-3.5.4\common\org\hibernate\common\hibernate-commons-annotations\5.0.1.Final\hibernate-commons-annotations-5.0.1.Final.jar;D:\apache-maven-3.5.4\common\org\springframework\data\spring-data-jpa\2.0.10.RELEASE\spring-data-jpa-2.0.10.RELEASE.jar;D:\apache-maven-3.5.4\common\org\springframework\data\spring-data-commons\2.0.10.RELEASE\spring-data-commons-2.0.10.RELEASE.jar;D:\apache-maven-3.5.4\common\org\springframework\spring-orm\5.0.9.RELEASE\spring-orm-5.0.9.RELEASE.jar;D:\apache-maven-3.5.4\common\org\springframework\spring-tx\5.0.9.RELEASE\spring-tx-5.0.9.RELEASE.jar;D:\apache-maven-3.5.4\common\org\springframework\spring-aspects\5.0.9.RELEASE\spring-aspects-5.0.9.RELEASE.jar;D:\apache-maven-3.5.4\common\mysql\mysql-connector-java\8.0.12\mysql-connector-java-8.0.12.jar;D:\apache-maven-3.5.4\common\com\google\protobuf\protobuf-java\2.6.0\protobuf-java-2.6.0.jar;D:\apache-maven-3.5.4\common\org\springframework\boot\spring-boot-starter-aop\2.0.5.RELEASE\spring-boot-starter-aop-2.0.5.RELEASE.jar;D:\apache-maven-3.5.4\common\org\springframework\spring-aop\5.0.9.RELEASE\spring-aop-5.0.9.RELEASE.jar;D:\apache-maven-3.5.4\common\org\aspectj\aspectjweaver\1.8.13\aspectjweaver-1.8.13.jar;D:\apache-maven-3.5.4\common\org\springframework\boot\spring-boot-starter-thymeleaf\2.0.5.RELEASE\spring-boot-starter-thymeleaf-2.0.5.RELEASE.jar;D:\apache-maven-3.5.4\common\org\thymeleaf\thymeleaf-spring5\3.0.9.RELEASE\thymeleaf-spring5-3.0.9.RELEASE.jar;D:\apache-maven-3.5.4\common\org\thymeleaf\thymeleaf\3.0.9.RELEASE\thymeleaf-3.0.9.RELEASE.jar;D:\apache-maven-3.5.4\common\org\attoparser\attoparser\2.0.4.RELEASE\attoparser-2.0.4.RELEASE.jar;D:\apache-maven-3.5.4\common\org\unbescape\unbescape\1.1.5.RELEASE\unbescape-1.1.5.RELEASE.jar;D:\apache-maven-3.5.4\common\org\thymeleaf\extras\thymeleaf-extras-java8time\3.0.1.RELEASE\thymeleaf-extras-java8time-3.0.1.RELEASE.jar;D:\apache-maven-3.5.4\common\org\apache\httpcomponents\httpclient\4.5.6\httpclient-4.5.6.jar;D:\apache-maven-3.5.4\common\org\apache\httpcomponents\httpcore\4.4.10\httpcore-4.4.10.jar;D:\apache-maven-3.5.4\common\commons-codec\commons-codec\1.11\commons-codec-1.11.jar;D:\apache-maven-3.5.4\common\org\junit\jupiter\junit-jupiter-api\5.1.1\junit-jupiter-api-5.1.1.jar;D:\apache-maven-3.5.4\common\org\apiguardian\apiguardian-api\1.0.0\apiguardian-api-1.0.0.jar;D:\apache-maven-3.5.4\common\org\opentest4j\opentest4j\1.0.0\opentest4j-1.0.0.jar;D:\apache-maven-3.5.4\common\org\junit\platform\junit-platform-commons\1.1.1\junit-platform-commons-1.1.1.jar;D:\apache-maven-3.5.4\common\net\sf\json-lib\json-lib\2.4\json-lib-2.4-jdk15.jar;D:\apache-maven-3.5.4\common\commons-beanutils\commons-beanutils\1.7.0\commons-beanutils-1.7.0.jar;D:\apache-maven-3.5.4\common\commons-collections\commons-collections\3.1\commons-collections-3.1.jar;D:\apache-maven-3.5.4\common\commons-lang\commons-lang\2.5\commons-lang-2.5.jar;D:\apache-maven-3.5.4\common\net\sf\ezmorph\ezmorph\1.0.3\ezmorph-1.0.3.jar;D:\apache-maven-3.5.4\common\commons-logging\commons-logging\1.2\commons-logging-1.2.jar;D:\apache-maven-3.5.4\common\com\google\code\gson\gson\2.8.0\gson-2.8.0.jar;"/>
    <property name="java.vm.vendor" value="Oracle Corporation"/>
    <property name="sun.arch.data.model" value="64"/>
    <property name="user.variant" value=""/>
    <property name="java.vendor.url" value="http://java.oracle.com/"/>
    <property name="user.timezone" value=""/>
    <property name="java.vm.specification.version" value="1.8"/>
    <property name="os.name" value="Windows 10"/>
    <property name="user.country" value="CN"/>
    <property name="sun.java.launcher" value="SUN_STANDARD"/>
    <property name="sun.boot.library.path" value="C:\Program Files\Java\jdk1.8.0_181\jre\bin"/>
    <property name="sun.java.command" value="C:\Users\HUDASH~1\AppData\Local\Temp\surefire4991958014427271051\surefirebooter8518336420469736388.jar C:\Users\hudashuang\AppData\Local\Temp\surefire4991958014427271051 2018-10-07T19-11-16_403-jvmRun1 surefire5914051943325679393tmp surefire_02869014139788963968tmp"/>
    <property name="surefire.test.class.path" value="E:\github\javaPro\shalou\target\test-classes;E:\github\javaPro\shalou\target\classes;D:\apache-maven-3.5.4\common\org\springframework\boot\spring-boot-starter-web\2.0.5.RELEASE\spring-boot-starter-web-2.0.5.RELEASE.jar;D:\apache-maven-3.5.4\common\org\springframework\boot\spring-boot-starter\2.0.5.RELEASE\spring-boot-starter-2.0.5.RELEASE.jar;D:\apache-maven-3.5.4\common\org\springframework\boot\spring-boot\2.0.5.RELEASE\spring-boot-2.0.5.RELEASE.jar;D:\apache-maven-3.5.4\common\org\springframework\boot\spring-boot-autoconfigure\2.0.5.RELEASE\spring-boot-autoconfigure-2.0.5.RELEASE.jar;D:\apache-maven-3.5.4\common\org\springframework\boot\spring-boot-starter-logging\2.0.5.RELEASE\spring-boot-starter-logging-2.0.5.RELEASE.jar;D:\apache-maven-3.5.4\common\ch\qos\logback\logback-classic\1.2.3\logback-classic-1.2.3.jar;D:\apache-maven-3.5.4\common\ch\qos\logback\logback-core\1.2.3\logback-core-1.2.3.jar;D:\apache-maven-3.5.4\common\org\apache\logging\log4j\log4j-to-slf4j\2.10.0\log4j-to-slf4j-2.10.0.jar;D:\apache-maven-3.5.4\common\org\apache\logging\log4j\log4j-api\2.10.0\log4j-api-2.10.0.jar;D:\apache-maven-3.5.4\common\org\slf4j\jul-to-slf4j\1.7.25\jul-to-slf4j-1.7.25.jar;D:\apache-maven-3.5.4\common\javax\annotation\javax.annotation-api\1.3.2\javax.annotation-api-1.3.2.jar;D:\apache-maven-3.5.4\common\org\yaml\snakeyaml\1.19\snakeyaml-1.19.jar;D:\apache-maven-3.5.4\common\org\springframework\boot\spring-boot-starter-json\2.0.5.RELEASE\spring-boot-starter-json-2.0.5.RELEASE.jar;D:\apache-maven-3.5.4\common\com\fasterxml\jackson\core\jackson-databind\2.9.6\jackson-databind-2.9.6.jar;D:\apache-maven-3.5.4\common\com\fasterxml\jackson\core\jackson-annotations\2.9.0\jackson-annotations-2.9.0.jar;D:\apache-maven-3.5.4\common\com\fasterxml\jackson\core\jackson-core\2.9.6\jackson-core-2.9.6.jar;D:\apache-maven-3.5.4\common\com\fasterxml\jackson\datatype\jackson-datatype-jdk8\2.9.6\jackson-datatype-jdk8-2.9.6.jar;D:\apache-maven-3.5.4\common\com\fasterxml\jackson\datatype\jackson-datatype-jsr310\2.9.6\jackson-datatype-jsr310-2.9.6.jar;D:\apache-maven-3.5.4\common\com\fasterxml\jackson\module\jackson-module-parameter-names\2.9.6\jackson-module-parameter-names-2.9.6.jar;D:\apache-maven-3.5.4\common\org\springframework\boot\spring-boot-starter-tomcat\2.0.5.RELEASE\spring-boot-starter-tomcat-2.0.5.RELEASE.jar;D:\apache-maven-3.5.4\common\org\apache\tomcat\embed\tomcat-embed-core\8.5.34\tomcat-embed-core-8.5.34.jar;D:\apache-maven-3.5.4\common\org\apache\tomcat\embed\tomcat-embed-el\8.5.34\tomcat-embed-el-8.5.34.jar;D:\apache-maven-3.5.4\common\org\apache\tomcat\embed\tomcat-embed-websocket\8.5.34\tomcat-embed-websocket-8.5.34.jar;D:\apache-maven-3.5.4\common\org\hibernate\validator\hibernate-validator\6.0.12.Final\hibernate-validator-6.0.12.Final.jar;D:\apache-maven-3.5.4\common\javax\validation\validation-api\2.0.1.Final\validation-api-2.0.1.Final.jar;D:\apache-maven-3.5.4\common\org\jboss\logging\jboss-logging\3.3.2.Final\jboss-logging-3.3.2.Final.jar;D:\apache-maven-3.5.4\common\com\fasterxml\classmate\1.3.4\classmate-1.3.4.jar;D:\apache-maven-3.5.4\common\org\springframework\spring-web\5.0.9.RELEASE\spring-web-5.0.9.RELEASE.jar;D:\apache-maven-3.5.4\common\org\springframework\spring-beans\5.0.9.RELEASE\spring-beans-5.0.9.RELEASE.jar;D:\apache-maven-3.5.4\common\org\springframework\spring-webmvc\5.0.9.RELEASE\spring-webmvc-5.0.9.RELEASE.jar;D:\apache-maven-3.5.4\common\org\springframework\spring-context\5.0.9.RELEASE\spring-context-5.0.9.RELEASE.jar;D:\apache-maven-3.5.4\common\org\springframework\spring-expression\5.0.9.RELEASE\spring-expression-5.0.9.RELEASE.jar;D:\apache-maven-3.5.4\common\org\springframework\boot\spring-boot-starter-test\2.0.5.RELEASE\spring-boot-starter-test-2.0.5.RELEASE.jar;D:\apache-maven-3.5.4\common\org\springframework\boot\spring-boot-test\2.0.5.RELEASE\spring-boot-test-2.0.5.RELEASE.jar;D:\apache-maven-3.5.4\common\org\springframework\boot\spring-boot-test-autoconfigure\2.0.5.RELEASE\spring-boot-test-autoconfigure-2.0.5.RELEASE.jar;D:\apache-maven-3.5.4\common\com\jayway\jsonpath\json-path\2.4.0\json-path-2.4.0.jar;D:\apache-maven-3.5.4\common\net\minidev\json-smart\2.3\json-smart-2.3.jar;D:\apache-maven-3.5.4\common\net\minidev\accessors-smart\1.2\accessors-smart-1.2.jar;D:\apache-maven-3.5.4\common\org\ow2\asm\asm\5.0.4\asm-5.0.4.jar;D:\apache-maven-3.5.4\common\org\slf4j\slf4j-api\1.7.25\slf4j-api-1.7.25.jar;D:\apache-maven-3.5.4\common\junit\junit\4.12\junit-4.12.jar;D:\apache-maven-3.5.4\common\org\assertj\assertj-core\3.9.1\assertj-core-3.9.1.jar;D:\apache-maven-3.5.4\common\org\mockito\mockito-core\2.15.0\mockito-core-2.15.0.jar;D:\apache-maven-3.5.4\common\net\bytebuddy\byte-buddy\1.7.11\byte-buddy-1.7.11.jar;D:\apache-maven-3.5.4\common\net\bytebuddy\byte-buddy-agent\1.7.11\byte-buddy-agent-1.7.11.jar;D:\apache-maven-3.5.4\common\org\objenesis\objenesis\2.6\objenesis-2.6.jar;D:\apache-maven-3.5.4\common\org\hamcrest\hamcrest-core\1.3\hamcrest-core-1.3.jar;D:\apache-maven-3.5.4\common\org\hamcrest\hamcrest-library\1.3\hamcrest-library-1.3.jar;D:\apache-maven-3.5.4\common\org\skyscreamer\jsonassert\1.5.0\jsonassert-1.5.0.jar;D:\apache-maven-3.5.4\common\com\vaadin\external\google\android-json\0.0.20131108.vaadin1\android-json-0.0.20131108.vaadin1.jar;D:\apache-maven-3.5.4\common\org\springframework\spring-core\5.0.9.RELEASE\spring-core-5.0.9.RELEASE.jar;D:\apache-maven-3.5.4\common\org\springframework\spring-jcl\5.0.9.RELEASE\spring-jcl-5.0.9.RELEASE.jar;D:\apache-maven-3.5.4\common\org\springframework\spring-test\5.0.9.RELEASE\spring-test-5.0.9.RELEASE.jar;D:\apache-maven-3.5.4\common\org\xmlunit\xmlunit-core\2.5.1\xmlunit-core-2.5.1.jar;D:\apache-maven-3.5.4\common\org\springframework\boot\spring-boot-starter-data-jpa\2.0.5.RELEASE\spring-boot-starter-data-jpa-2.0.5.RELEASE.jar;D:\apache-maven-3.5.4\common\org\springframework\boot\spring-boot-starter-jdbc\2.0.5.RELEASE\spring-boot-starter-jdbc-2.0.5.RELEASE.jar;D:\apache-maven-3.5.4\common\com\zaxxer\HikariCP\2.7.9\HikariCP-2.7.9.jar;D:\apache-maven-3.5.4\common\org\springframework\spring-jdbc\5.0.9.RELEASE\spring-jdbc-5.0.9.RELEASE.jar;D:\apache-maven-3.5.4\common\javax\transaction\javax.transaction-api\1.2\javax.transaction-api-1.2.jar;D:\apache-maven-3.5.4\common\org\hibernate\hibernate-core\5.2.17.Final\hibernate-core-5.2.17.Final.jar;D:\apache-maven-3.5.4\common\org\hibernate\javax\persistence\hibernate-jpa-2.1-api\1.0.2.Final\hibernate-jpa-2.1-api-1.0.2.Final.jar;D:\apache-maven-3.5.4\common\org\javassist\javassist\3.22.0-GA\javassist-3.22.0-GA.jar;D:\apache-maven-3.5.4\common\antlr\antlr\2.7.7\antlr-2.7.7.jar;D:\apache-maven-3.5.4\common\org\jboss\jandex\2.0.3.Final\jandex-2.0.3.Final.jar;D:\apache-maven-3.5.4\common\dom4j\dom4j\1.6.1\dom4j-1.6.1.jar;D:\apache-maven-3.5.4\common\org\hibernate\common\hibernate-commons-annotations\5.0.1.Final\hibernate-commons-annotations-5.0.1.Final.jar;D:\apache-maven-3.5.4\common\org\springframework\data\spring-data-jpa\2.0.10.RELEASE\spring-data-jpa-2.0.10.RELEASE.jar;D:\apache-maven-3.5.4\common\org\springframework\data\spring-data-commons\2.0.10.RELEASE\spring-data-commons-2.0.10.RELEASE.jar;D:\apache-maven-3.5.4\common\org\springframework\spring-orm\5.0.9.RELEASE\spring-orm-5.0.9.RELEASE.jar;D:\apache-maven-3.5.4\common\org\springframework\spring-tx\5.0.9.RELEASE\spring-tx-5.0.9.RELEASE.jar;D:\apache-maven-3.5.4\common\org\springframework\spring-aspects\5.0.9.RELEASE\spring-aspects-5.0.9.RELEASE.jar;D:\apache-maven-3.5.4\common\mysql\mysql-connector-java\8.0.12\mysql-connector-java-8.0.12.jar;D:\apache-maven-3.5.4\common\com\google\protobuf\protobuf-java\2.6.0\protobuf-java-2.6.0.jar;D:\apache-maven-3.5.4\common\org\springframework\boot\spring-boot-starter-aop\2.0.5.RELEASE\spring-boot-starter-aop-2.0.5.RELEASE.jar;D:\apache-maven-3.5.4\common\org\springframework\spring-aop\5.0.9.RELEASE\spring-aop-5.0.9.RELEASE.jar;D:\apache-maven-3.5.4\common\org\aspectj\aspectjweaver\1.8.13\aspectjweaver-1.8.13.jar;D:\apache-maven-3.5.4\common\org\springframework\boot\spring-boot-starter-thymeleaf\2.0.5.RELEASE\spring-boot-starter-thymeleaf-2.0.5.RELEASE.jar;D:\apache-maven-3.5.4\common\org\thymeleaf\thymeleaf-spring5\3.0.9.RELEASE\thymeleaf-spring5-3.0.9.RELEASE.jar;D:\apache-maven-3.5.4\common\org\thymeleaf\thymeleaf\3.0.9.RELEASE\thymeleaf-3.0.9.RELEASE.jar;D:\apache-maven-3.5.4\common\org\attoparser\attoparser\2.0.4.RELEASE\attoparser-2.0.4.RELEASE.jar;D:\apache-maven-3.5.4\common\org\unbescape\unbescape\1.1.5.RELEASE\unbescape-1.1.5.RELEASE.jar;D:\apache-maven-3.5.4\common\org\thymeleaf\extras\thymeleaf-extras-java8time\3.0.1.RELEASE\thymeleaf-extras-java8time-3.0.1.RELEASE.jar;D:\apache-maven-3.5.4\common\org\apache\httpcomponents\httpclient\4.5.6\httpclient-4.5.6.jar;D:\apache-maven-3.5.4\common\org\apache\httpcomponents\httpcore\4.4.10\httpcore-4.4.10.jar;D:\apache-maven-3.5.4\common\commons-codec\commons-codec\1.11\commons-codec-1.11.jar;D:\apache-maven-3.5.4\common\org\junit\jupiter\junit-jupiter-api\5.1.1\junit-jupiter-api-5.1.1.jar;D:\apache-maven-3.5.4\common\org\apiguardian\apiguardian-api\1.0.0\apiguardian-api-1.0.0.jar;D:\apache-maven-3.5.4\common\org\opentest4j\opentest4j\1.0.0\opentest4j-1.0.0.jar;D:\apache-maven-3.5.4\common\org\junit\platform\junit-platform-commons\1.1.1\junit-platform-commons-1.1.1.jar;D:\apache-maven-3.5.4\common\net\sf\json-lib\json-lib\2.4\json-lib-2.4-jdk15.jar;D:\apache-maven-3.5.4\common\commons-beanutils\commons-beanutils\1.7.0\commons-beanutils-1.7.0.jar;D:\apache-maven-3.5.4\common\commons-collections\commons-collections\3.1\commons-collections-3.1.jar;D:\apache-maven-3.5.4\common\commons-lang\commons-lang\2.5\commons-lang-2.5.jar;D:\apache-maven-3.5.4\common\net\sf\ezmorph\ezmorph\1.0.3\ezmorph-1.0.3.jar;D:\apache-maven-3.5.4\common\commons-logging\commons-logging\1.2\commons-logging-1.2.jar;D:\apache-maven-3.5.4\common\com\google\code\gson\gson\2.8.0\gson-2.8.0.jar;"/>
    <property name="sun.cpu.endian" value="little"/>
    <property name="user.home" value="C:\Users\hudashuang"/>
    <property name="user.language" value="zh"/>
    <property name="java.specification.vendor" value="Oracle Corporation"/>
    <property name="java.home" value="C:\Program Files\Java\jdk1.8.0_181\jre"/>
    <property name="basedir" value="E:\github\javaPro\shalou"/>
    <property name="file.separator" value="\"/>
    <property name="line.separator" value="&#10;"/>
    <property name="java.vm.specification.vendor" value="Oracle Corporation"/>
    <property name="java.specification.name" value="Java Platform API Specification"/>
    <property name="java.awt.graphicsenv" value="sun.awt.Win32GraphicsEnvironment"/>
    <property name="surefire.real.class.path" value="C:\Users\HUDASH~1\AppData\Local\Temp\surefire4991958014427271051\surefirebooter8518336420469736388.jar"/>
    <property name="sun.boot.class.path" value="C:\Program Files\Java\jdk1.8.0_181\jre\lib\resources.jar;C:\Program Files\Java\jdk1.8.0_181\jre\lib\rt.jar;C:\Program Files\Java\jdk1.8.0_181\jre\lib\sunrsasign.jar;C:\Program Files\Java\jdk1.8.0_181\jre\lib\jsse.jar;C:\Program Files\Java\jdk1.8.0_181\jre\lib\jce.jar;C:\Program Files\Java\jdk1.8.0_181\jre\lib\charsets.jar;C:\Program Files\Java\jdk1.8.0_181\jre\lib\jfr.jar;C:\Program Files\Java\jdk1.8.0_181\jre\classes"/>
    <property name="user.script" value=""/>
    <property name="sun.management.compiler" value="HotSpot 64-Bit Tiered Compilers"/>
    <property name="java.runtime.version" value="1.8.0_181-b13"/>
    <property name="user.name" value="hudashuang"/>
    <property name="path.separator" value=";"/>
    <property name="os.version" value="10.0"/>
    <property name="java.endorsed.dirs" value="C:\Program Files\Java\jdk1.8.0_181\jre\lib\endorsed"/>
    <property name="java.runtime.name" value="Java(TM) SE Runtime Environment"/>
    <property name="file.encoding" value="GBK"/>
    <property name="java.vm.name" value="Java HotSpot(TM) 64-Bit Server VM"/>
    <property name="localRepository" value="D:\apache-maven-3.5.4\common"/>
    <property name="java.vendor.url.bug" value="http://bugreport.sun.com/bugreport/"/>
    <property name="java.io.tmpdir" value="C:\Users\HUDASH~1\AppData\Local\Temp\"/>
    <property name="java.version" value="1.8.0_181"/>
    <property name="user.dir" value="E:\github\javaPro\shalou"/>
    <property name="os.arch" value="amd64"/>
    <property name="java.vm.specification.name" value="Java Virtual Machine Specification"/>
    <property name="java.awt.printerjob" value="sun.awt.windows.WPrinterJob"/>
    <property name="sun.os.patch.level" value=""/>
    <property name="java.library.path" value="C:\Program Files\Java\jdk1.8.0_181\jre\bin;C:\WINDOWS\Sun\Java\bin;C:\WINDOWS\system32;C:\WINDOWS;C:\cmder\vendor\conemu-maximus5\ConEmu\Scripts;C:\cmder\vendor\conemu-maximus5;C:\cmder\vendor\conemu-maximus5\ConEmu;&quot;C:;C:\Program Files\Java\jdk1.8.0_181\bin;C:\Program Files\Java\jdk1.8.0_181\jre\bin;\Program Files (x86)\Common Files\Oracle\Java\javapath&quot;;C:\Program Files (x86)\Eziriz\.NET Reactor;C:\WINDOWS\system32;C:\WINDOWS;C:\WINDOWS\System32\Wbem;C:\WINDOWS\System32\WindowsPowerShell\v1.0\;C:\Program Files\Git\cmd;C:\Program Files\nodejs\;D:\vscode\Microsoft VS Code\bin;C:\WINDOWS\System32\OpenSSH\;D:\QuickTime\QTSystem;D:\apache-maven-3.5.4\bin;C:\Users\hudashuang\AppData\Local\Programs\Python\Python37\Scripts\;C:\Users\hudashuang\AppData\Local\Programs\Python\Python37\;C:\Users\hudashuang\AppData\Roaming\npm;C:\Users\hudashuang\AppData\Local\Microsoft\WindowsApps;C:\Program Files\Java\jdk1.8.0_181\bin;D:\apache-maven-3.5.4\bin;;."/>
    <property name="java.vm.info" value="mixed mode"/>
    <property name="java.vendor" value="Oracle Corporation"/>
    <property name="java.vm.version" value="25.181-b13"/>
    <property name="java.ext.dirs" value="C:\Program Files\Java\jdk1.8.0_181\jre\lib\ext;C:\WINDOWS\Sun\Java\lib\ext"/>
    <property name="sun.io.unicode.encoding" value="UnicodeLittle"/>
    <property name="java.class.version" value="52.0"/>
  </properties>
  <testcase name="contextLoads" classname="com.shalou.demo.DemoApplicationTests" time="0"/>
</testsuite>